<?xml version="1.0" encoding="UTF-8"?>
<!-- Generated by org.testng.reporters.JUnitXMLReporter -->
<testsuite hostname="LAPTOP-SAYANTANM3" failures="1" tests="22" name="All Tests" time="35.814" errors="0" timestamp="26 May 2021 12:57:55 GMT">
  <testcase classname="testScenarios.TS1_navigateToCabs" name="popUppresent" time="0.313"/>
  <testcase classname="testScenarios.TS1_navigateToCabs" name="navigateToCabs" time="0.578"/>
  <testcase classname="testScenarios.TS3_bookACab" name="selectOneWayBooking" time="0.289"/>
  <testcase classname="testScenarios.TS3_bookACab" name="enterSourceCity" time="1.373"/>
  <testcase classname="testScenarios.TS3_bookACab" name="enterSameCity" time="2.756"/>
  <testcase classname="testScenarios.TS3_bookACab" name="enterDestinationCity" time="0.823"/>
  <testcase classname="testScenarios.TS3_bookACab" name="enterDepartureDate" time="1.023"/>
  <testcase classname="testScenarios.TS3_bookACab" name="selectPickupTime" time="0.562"/>
  <testcase classname="testScenarios.TS3_bookACab" name="clickSearch" time="3.802"/>
  <testcase classname="testScenarios.TS4_searchResultCabs" name="selectCarType" time="1.957"/>
  <testcase classname="testScenarios.TS4_searchResultCabs" name="filterPrice" time="0.522"/>
  <testcase classname="testScenarios.TS4_searchResultCabs" name="displayAvailableCars" time="0.902"/>
  <testcase classname="testScenarios.TS4_searchResultCabs" name="displayLowestPrice" time="2.296"/>
  <testcase classname="testScenarios.TS2_navigateToHotels" name="navigateToHotels" time="1.111"/>
  <testcase classname="testScenarios.TS2_navigateToHotels" name="checkforPopUps" time="8.038">
    <failure type="org.openqa.selenium.NoSuchElementException" message="Unable to locate element: //*[@id=&amp;apos;SW&amp;apos;]/div[1]/div[1]/ul/li[5]/div[2]
For documentation on this error, please visit: https://www.seleniumhq.org/exceptions/no_such_element.html
Build info: version: &amp;apos;3.141.59&amp;apos;, revision: &amp;apos;e82be7d358&amp;apos;, time: &amp;apos;2018-11-14T08:17:03&amp;apos;
System info: host: &amp;apos;LAPTOP-SAYANTAN&amp;apos;, ip: &amp;apos;192.168.1.4&amp;apos;, os.name: &amp;apos;Windows 10&amp;apos;, os.arch: &amp;apos;amd64&amp;apos;, os.version: &amp;apos;10.0&amp;apos;, java.version: &amp;apos;13.0.2&amp;apos;
Driver info: org.openqa.selenium.firefox.FirefoxDriver
Capabilities {acceptInsecureCerts: true, browserName: firefox, browserVersion: 88.0, javascriptEnabled: true, moz:accessibilityChecks: false, moz:buildID: 20210415204500, moz:geckodriverVersion: 0.29.1, moz:headless: false, moz:processID: 17308, moz:profile: C:\Users\mitra\AppData\Loca..., moz:shutdownTimeout: 60000, moz:useNonSpecCompliantPointerOrigin: false, moz:webdriverClick: true, pageLoadStrategy: normal, platform: WINDOWS, platformName: WINDOWS, platformVersion: 10.0, rotatable: false, setWindowRect: true, strictFileInteractability: false, timeouts: {implicit: 0, pageLoad: 300000, script: 30000}, unhandledPromptBehavior: dismiss and notify}
Session ID: 05dae5fd-7f03-4fc1-88aa-0d447f4163de
*** Element info: {Using=xpath, value=//*[@id=&amp;apos;SW&amp;apos;]/div[1]/div[1]/ul/li[5]/div[2]}">
      <![CDATA[org.openqa.selenium.NoSuchElementException: Unable to locate element: //*[@id='SW']/div[1]/div[1]/ul/li[5]/div[2]
For documentation on this error, please visit: https://www.seleniumhq.org/exceptions/no_such_element.html
Build info: version: '3.141.59', revision: 'e82be7d358', time: '2018-11-14T08:17:03'
System info: host: 'LAPTOP-SAYANTAN', ip: '192.168.1.4', os.name: 'Windows 10', os.arch: 'amd64', os.version: '10.0', java.version: '13.0.2'
Driver info: org.openqa.selenium.firefox.FirefoxDriver
Capabilities {acceptInsecureCerts: true, browserName: firefox, browserVersion: 88.0, javascriptEnabled: true, moz:accessibilityChecks: false, moz:buildID: 20210415204500, moz:geckodriverVersion: 0.29.1, moz:headless: false, moz:processID: 17308, moz:profile: C:\Users\mitra\AppData\Loca..., moz:shutdownTimeout: 60000, moz:useNonSpecCompliantPointerOrigin: false, moz:webdriverClick: true, pageLoadStrategy: normal, platform: WINDOWS, platformName: WINDOWS, platformVersion: 10.0, rotatable: false, setWindowRect: true, strictFileInteractability: false, timeouts: {implicit: 0, pageLoad: 300000, script: 30000}, unhandledPromptBehavior: dismiss and notify}
Session ID: 05dae5fd-7f03-4fc1-88aa-0d447f4163de
*** Element info: {Using=xpath, value=//*[@id='SW']/div[1]/div[1]/ul/li[5]/div[2]}
	at org.openqa.selenium.remote.http.W3CHttpResponseCodec.createException(W3CHttpResponseCodec.java:187)
	at org.openqa.selenium.remote.http.W3CHttpResponseCodec.decode(W3CHttpResponseCodec.java:122)
	at org.openqa.selenium.remote.http.W3CHttpResponseCodec.decode(W3CHttpResponseCodec.java:49)
	at org.openqa.selenium.remote.HttpCommandExecutor.execute(HttpCommandExecutor.java:158)
	at org.openqa.selenium.remote.service.DriverCommandExecutor.execute(DriverCommandExecutor.java:83)
	at org.openqa.selenium.remote.RemoteWebDriver.execute(RemoteWebDriver.java:552)
	at org.openqa.selenium.remote.RemoteWebDriver.findElement(RemoteWebDriver.java:323)
	at org.openqa.selenium.remote.RemoteWebDriver.findElementByXPath(RemoteWebDriver.java:428)
	at org.openqa.selenium.By$ByXPath.findElement(By.java:353)
	at org.openqa.selenium.remote.RemoteWebDriver.findElement(RemoteWebDriver.java:315)
	at org.openqa.selenium.support.pagefactory.DefaultElementLocator.findElement(DefaultElementLocator.java:69)
	at org.openqa.selenium.support.pagefactory.internal.LocatingElementHandler.invoke(LocatingElementHandler.java:38)
	at com.sun.proxy.$Proxy13.isDisplayed(Unknown Source)
	at testObjectRepository.cabPage.dealWithPopups(cabPage.java:134)
	at testScenarios.TS2_navigateToHotels.checkforPopUps(TS2_navigateToHotels.java:44)
... Removed 29 stack frames]]>
    </failure>
  </testcase> <!-- checkforPopUps -->
  <testcase classname="testScenarios.TS6_bookHotel" name="selectCity" time="1.47"/>
  <testcase classname="testScenarios.TS6_bookHotel" name="enterCheckInDate" time="1.02"/>
  <testcase classname="testScenarios.TS6_bookHotel" name="enterCheckOutDate" time="0.279"/>
  <testcase classname="testScenarios.TS6_bookHotel" name="enterRooms" time="0.688"/>
  <testcase classname="testScenarios.TS2_navigateToGiftCards" name="navigateToGiftCard" time="0.103"/>
  <testcase classname="testScenarios.TS5_groupGifting" name="selectGroupGifting" time="5.831"/>
  <testcase classname="testScenarios.TS5_groupGifting" name="enterCardDetails" time="0.006"/>
</testsuite> <!-- All Tests -->
